  BackGround.cpp
BackGround.cpp(21): warning C4244: 'argument': conversion from 'double' to 'GLfloat', possible loss of data
BackGround.cpp(22): warning C4244: 'argument': conversion from 'double' to 'GLfloat', possible loss of data
BackGround.cpp(23): warning C4244: 'argument': conversion from 'double' to 'GLfloat', possible loss of data
BackGround.cpp(24): warning C4244: 'argument': conversion from 'double' to 'GLfloat', possible loss of data
  BoundBox.cpp
  follower.cpp
  GameOver.cpp
  globals.cpp
  level1.cpp
level1.cpp(30): warning C4244: 'argument': conversion from 'int' to 'GLfloat', possible loss of data
  level2.cpp
level2.cpp(32): warning C4244: 'argument': conversion from 'int' to 'GLfloat', possible loss of data
  main.cpp
main.cpp(62): warning C4244: 'argument': conversion from 'int' to 'GLfloat', possible loss of data
main.cpp(63): warning C4244: 'argument': conversion from 'int' to 'GLfloat', possible loss of data
main.cpp(64): warning C4244: 'argument': conversion from 'int' to 'GLfloat', possible loss of data
main.cpp(65): warning C4244: 'argument': conversion from 'int' to 'GLfloat', possible loss of data
main.cpp(83): warning C4244: 'argument': conversion from 'int' to 'float', possible loss of data
main.cpp(95): warning C4244: 'argument': conversion from 'int' to 'float', possible loss of data
main.cpp(103): warning C4244: '=': conversion from 'int' to 'float', possible loss of data
  Menu.cpp
  MovingPlatform.cpp
  npc.cpp
  Object2D.cpp
  Platform.cpp
  Player.cpp
Player.cpp(20): warning C4244: '=': conversion from 'int' to 'float', possible loss of data
Player.cpp(126): warning C4244: '=': conversion from 'int' to 'float', possible loss of data
  projectile.cpp
  tile.cpp
  vect2d.cpp
  Win.cpp
  Generating code
c:\users\andrew\documents\game\game 12052017 evening\game 12052017 morning\freeglutexampletemplatevs2015\freeglutexampletemplate\boundbox.cpp(115): warning C4715: 'BoundBox::genericCollision': not all control paths return a value
  334 of 334 functions (100.0%) were compiled, the rest were copied from previous compilation.
    295 functions were new in current compilation
    0 functions had inline decision re-evaluated but remain unchanged
  Finished generating code
  freeglutexample.vcxproj -> C:\Users\Andrew\Documents\game\game 12052017 evening\game 12052017 morning\freeglutexampletemplatevs2015\freeglutexampletemplate\Release\freeglutexample.exe
  freeglutexample.vcxproj -> C:\Users\Andrew\Documents\game\game 12052017 evening\game 12052017 morning\freeglutexampletemplatevs2015\freeglutexampletemplate\Release\freeglutexample.pdb (Full PDB)
